# JRE version: Java(TM) SE Runtime Environment (22.0.2+9) (build 22.0.2+9-70)
# Java VM: Java HotSpot(TM) 64-Bit Server VM (22.0.2+9-70, mixed mode, sharing, tiered, compressed oops, compressed class ptrs, g1 gc, windows-amd64)
GC Precious Log:
 CardTable entry size: 512
 Card Set container configuration: InlinePtr #cards 4 size 8 Array Of Cards #cards 32 size 80 Howl #buckets 8 coarsen threshold 7372 Howl Bitmap #cards 1024 size 144 coarsen threshold 921 Card regions per heap region 1 cards per card region 8192
 CPUs: 12 total, 12 available
 Memory: 5989M
 Large Page Support: Disabled
 NUMA Support: Disabled
 Compressed Oops: Enabled (Zero based)
 Heap Region Size: 4M
 Heap Min Capacity: 8M
 Heap Initial Capacity: 96M
 Heap Max Capacity: 8G
 Pre-touch: Disabled
 Parallel Workers: 10
 Concurrent Workers: 3
 Concurrent Refinement Workers: 10
 Periodic GC: Disabled
Heap:
 garbage-first heap   total reserved 8388608K, committed 233472K, used 126644K [0x0000000600000000, 0x0000000800000000)
  region size 4096K, 1 young (4096K), 1 survivors (4096K)
 Metaspace       used 87100K, committed 89344K, reserved 1179648K
  class space    used 12367K, committed 13440K, reserved 1048576K
GC Heap History (20 events):
Event: 29.222 GC heap after
{Heap after GC invocations=29 (full 0):
 garbage-first heap   total reserved 8388608K, committed 151552K, used 99246K [0x0000000600000000, 0x0000000800000000)
  region size 4096K, 1 young (4096K), 1 survivors (4096K)
 Metaspace       used 74587K, committed 76672K, reserved 1114112K
  class space    used 10866K, committed 11840K, reserved 1048576K
}
Event: 31.106 GC heap before
{Heap before GC invocations=30 (full 0):
 garbage-first heap   total reserved 8388608K, committed 172032K, used 132014K [0x0000000600000000, 0x0000000800000000)
  region size 4096K, 9 young (36864K), 1 survivors (4096K)
 Metaspace       used 77864K, committed 79936K, reserved 1179648K
  class space    used 11191K, committed 12160K, reserved 1048576K
}
Event: 31.111 GC heap after
{Heap after GC invocations=31 (full 0):
 garbage-first heap   total reserved 8388608K, committed 172032K, used 99588K [0x0000000600000000, 0x0000000800000000)
  region size 4096K, 1 young (4096K), 1 survivors (4096K)
 Metaspace       used 77864K, committed 79936K, reserved 1179648K
  class space    used 11191K, committed 12160K, reserved 1048576K
}
Event: 32.810 GC heap before
{Heap before GC invocations=31 (full 0):
 garbage-first heap   total reserved 8388608K, committed 172032K, used 148740K [0x0000000600000000, 0x0000000800000000)
  region size 4096K, 14 young (57344K), 1 survivors (4096K)
 Metaspace       used 81532K, committed 83712K, reserved 1179648K
  class space    used 11655K, committed 12672K, reserved 1048576K
}
Event: 32.823 GC heap after
{Heap after GC invocations=32 (full 0):
 garbage-first heap   total reserved 8388608K, committed 172032K, used 104385K [0x0000000600000000, 0x0000000800000000)
  region size 4096K, 2 young (8192K), 2 survivors (8192K)
 Metaspace       used 81532K, committed 83712K, reserved 1179648K
  class space    used 11655K, committed 12672K, reserved 1048576K
}
Event: 34.524 GC heap before
{Heap before GC invocations=32 (full 0):
 garbage-first heap   total reserved 8388608K, committed 172032K, used 149441K [0x0000000600000000, 0x0000000800000000)
  region size 4096K, 13 young (53248K), 2 survivors (8192K)
 Metaspace       used 84834K, committed 86912K, reserved 1179648K
  class space    used 12071K, committed 13056K, reserved 1048576K
}
Event: 34.538 GC heap after
{Heap after GC invocations=33 (full 0):
 garbage-first heap   total reserved 8388608K, committed 172032K, used 112095K [0x0000000600000000, 0x0000000800000000)
  region size 4096K, 1 young (4096K), 1 survivors (4096K)
 Metaspace       used 84834K, committed 86912K, reserved 1179648K
  class space    used 12071K, committed 13056K, reserved 1048576K
}
Event: 35.651 GC heap before
{Heap before GC invocations=34 (full 0):
 garbage-first heap   total reserved 8388608K, committed 192512K, used 157151K [0x0000000600000000, 0x0000000800000000)
  region size 4096K, 11 young (45056K), 1 survivors (4096K)
 Metaspace       used 86465K, committed 88640K, reserved 1179648K
  class space    used 12299K, committed 13312K, reserved 1048576K
}
Event: 35.663 GC heap after
{Heap after GC invocations=35 (full 0):
 garbage-first heap   total reserved 8388608K, committed 192512K, used 116711K [0x0000000600000000, 0x0000000800000000)
  region size 4096K, 2 young (8192K), 2 survivors (8192K)
 Metaspace       used 86465K, committed 88640K, reserved 1179648K
  class space    used 12299K, committed 13312K, reserved 1048576K
}
Event: 37.060 GC heap before
{Heap before GC invocations=35 (full 0):
 garbage-first heap   total reserved 8388608K, committed 192512K, used 169959K [0x0000000600000000, 0x0000000800000000)
  region size 4096K, 15 young (61440K), 2 survivors (8192K)
 Metaspace       used 86950K, committed 89216K, reserved 1179648K
  class space    used 12366K, committed 13440K, reserved 1048576K
}
Event: 37.078 GC heap after
{Heap after GC invocations=36 (full 0):
 garbage-first heap   total reserved 8388608K, committed 192512K, used 120283K [0x0000000600000000, 0x0000000800000000)
  region size 4096K, 2 young (8192K), 2 survivors (8192K)
 Metaspace       used 86950K, committed 89216K, reserved 1179648K
  class space    used 12366K, committed 13440K, reserved 1048576K
}
Event: 38.107 GC heap before
{Heap before GC invocations=36 (full 0):
 garbage-first heap   total reserved 8388608K, committed 192512K, used 165339K [0x0000000600000000, 0x0000000800000000)
  region size 4096K, 14 young (57344K), 2 survivors (8192K)
 Metaspace       used 87100K, committed 89344K, reserved 1179648K
  class space    used 12367K, committed 13440K, reserved 1048576K
}
Event: 39.128 GC heap after
{Heap after GC invocations=37 (full 0):
 garbage-first heap   total reserved 8388608K, committed 233472K, used 124813K [0x0000000600000000, 0x0000000800000000)
  region size 4096K, 2 young (8192K), 2 survivors (8192K)
 Metaspace       used 87100K, committed 89344K, reserved 1179648K
  class space    used 12367K, committed 13440K, reserved 1048576K
}
Event: 39.200 GC heap before
{Heap before GC invocations=37 (full 0):
 garbage-first heap   total reserved 8388608K, committed 233472K, used 128909K [0x0000000600000000, 0x0000000800000000)
  region size 4096K, 3 young (12288K), 2 survivors (8192K)
 Metaspace       used 87100K, committed 89344K, reserved 1179648K
  class space    used 12367K, committed 13440K, reserved 1048576K
}
Event: 39.206 GC heap after
{Heap after GC invocations=38 (full 0):
 garbage-first heap   total reserved 8388608K, committed 233472K, used 125862K [0x0000000600000000, 0x0000000800000000)
  region size 4096K, 1 young (4096K), 1 survivors (4096K)
 Metaspace       used 87100K, committed 89344K, reserved 1179648K
  class space    used 12367K, committed 13440K, reserved 1048576K
}
Event: 39.256 GC heap before
{Heap before GC invocations=38 (full 0):
 garbage-first heap   total reserved 8388608K, committed 233472K, used 125862K [0x0000000600000000, 0x0000000800000000)
  region size 4096K, 2 young (8192K), 1 survivors (4096K)
 Metaspace       used 87100K, committed 89344K, reserved 1179648K
  class space    used 12367K, committed 13440K, reserved 1048576K
}
Event: 39.260 GC heap after
{Heap after GC invocations=39 (full 0):
 garbage-first heap   total reserved 8388608K, committed 233472K, used 125806K [0x0000000600000000, 0x0000000800000000)
  region size 4096K, 1 young (4096K), 1 survivors (4096K)
 Metaspace       used 87100K, committed 89344K, reserved 1179648K
  class space    used 12367K, committed 13440K, reserved 1048576K
}
Event: 39.331 GC heap before
{Heap before GC invocations=40 (full 0):
 garbage-first heap   total reserved 8388608K, committed 233472K, used 129902K [0x0000000600000000, 0x0000000800000000)
  region size 4096K, 2 young (8192K), 1 survivors (4096K)
 Metaspace       used 87100K, committed 89344K, reserved 1179648K
  class space    used 12367K, committed 13440K, reserved 1048576K
}
Event: 39.336 GC heap after
{Heap after GC invocations=41 (full 0):
 garbage-first heap   total reserved 8388608K, committed 233472K, used 126252K [0x0000000600000000, 0x0000000800000000)
  region size 4096K, 1 young (4096K), 1 survivors (4096K)
 Metaspace       used 87100K, committed 89344K, reserved 1179648K
  class space    used 12367K, committed 13440K, reserved 1048576K
}
Event: 39.371 GC heap before
{Heap before GC invocations=41 (full 0):
 garbage-first heap   total reserved 8388608K, committed 233472K, used 130348K [0x0000000600000000, 0x0000000800000000)
  region size 4096K, 2 young (8192K), 1 survivors (4096K)
 Metaspace       used 87100K, committed 89344K, reserved 1179648K
  class space    used 12367K, committed 13440K, reserved 1048576K
}

